<?xml version="1.0" encoding="UTF-8"?>
<!-- Generated by org.testng.reporters.JUnitXMLReporter -->
<testsuite ignored="1" hostname="DESKTOP-BPVNSE6" failures="0" tests="3" name="GRP-Sanity,regression" time="0.05" errors="0" timestamp="2023-12-15T15:08:58 IST">
  <testcase classname="testNG.BasicsOfKeyword" name="LogOut" time="0.007"/>
  <testcase classname="testNG.BasicsOfKeyword" name="MyAcoount" time="0.001"/>
  <testcase classname="testNG.BasicsOfKeyword" name="DemoOfGroupKeyword" time="0.0"/>
  <testcase classname="testNG.BasicsOfKeyword" name="Login" time="0.0">
    <ignored/>
  </testcase> <!-- Login -->
</testsuite> <!-- GRP-Sanity,regression -->
