<?xml version="1.0" encoding="UTF-8"?>
<!-- Generated by org.testng.reporters.JUnitXMLReporter -->
<testsuite ignored="2" hostname="DESKTOP-BPVNSE6" failures="0" tests="2" name="GRP-Sanity" time="0.045" errors="0" timestamp="2023-12-15T15:09:48 IST">
  <testcase classname="testNG.BasicsOfKeyword" name="LogOut" time="0.008"/>
  <testcase classname="testNG.BasicsOfKeyword" name="DemoOfGroupKeyword" time="0.0"/>
  <testcase classname="testNG.BasicsOfKeyword" name="Login" time="0.0">
    <ignored/>
  </testcase> <!-- Login -->
  <testcase classname="testNG.BasicsOfKeyword" name="MyAcoount" time="0.0">
    <ignored/>
  </testcase> <!-- MyAcoount -->
</testsuite> <!-- GRP-Sanity -->
